[2025-10-01 13:01:14] [INFO] ✅ WiFi module loaded
[2025-10-01 13:01:14] [INFO] ✅ NetDetect module loaded
[2025-10-01 13:01:15] [INFO] ✅ Security module loaded
[2025-10-01 13:01:15] [INFO] ✅ CDP module loaded
[2025-10-01 13:01:15] [INFO] ✅ Invoke-CDPAutofill function available
[2025-10-01 13:01:15] [INFO] 检测到校园网 'JCI'，信号强度=89%（阈值=40%）
[2025-10-01 13:01:15] [INFO] Start auth pipeline
[2025-10-01 13:01:15] [INFO] Attempting WiFi connection (smart scan) ...
[2025-10-01 13:01:17] [INFO] Connect-WifiSmart returned: True
[2025-10-01 13:01:17] [INFO] WiFi connected successfully
[2025-10-01 13:01:20] [WARN] Cannot get valid WiFi info after retries, using placeholder
[2025-10-01 13:01:20] [INFO] Captive portal detection: UNKNOWN
[2025-10-01 13:01:20] [INFO] ISP: unicom -> 中国联通
[2025-10-01 13:01:25] [WARN] ⚠️ CDP executed but returned false, will verify network
[2025-10-01 13:01:25] [INFO] ⏳ 认证已提交，等待生效并验证网络连接...
[2025-10-01 13:01:53] [INFO] ✅ WiFi module loaded
[2025-10-01 13:01:53] [INFO] ✅ NetDetect module loaded
[2025-10-01 13:01:53] [INFO] ✅ Security module loaded
[2025-10-01 13:01:53] [INFO] ✅ CDP module loaded
[2025-10-01 13:01:53] [INFO] ✅ Invoke-CDPAutofill function available
[2025-10-01 13:01:53] [INFO] 检测到校园网 'JCI'，信号强度=89%（阈值=40%）
[2025-10-01 13:01:53] [INFO] Start auth pipeline
[2025-10-01 13:01:53] [INFO] Attempting WiFi connection (smart scan) ...
[2025-10-01 13:01:55] [INFO] Connect-WifiSmart returned: True
[2025-10-01 13:01:55] [INFO] WiFi connected successfully
[2025-10-01 13:01:58] [WARN] Cannot get valid WiFi info after retries, using placeholder
[2025-10-01 13:01:59] [INFO] Captive portal detection: UNKNOWN
[2025-10-01 13:01:59] [INFO] ISP: unicom -> 中国联通
[2025-10-01 17:43:21] [INFO] ✅ WiFi module loaded
[2025-10-01 17:43:21] [INFO] ✅ NetDetect module loaded
[2025-10-01 17:43:21] [INFO] ✅ Security module loaded
[2025-10-01 17:43:21] [INFO] ✅ CDP module loaded
[2025-10-01 17:43:21] [INFO] ✅ Invoke-CDPAutofill function available
[2025-10-01 17:43:22] [INFO] 检测到校园网 'JCI'，信号强度=86%（阈值=40%）
[2025-10-01 17:43:22] [INFO] Start auth pipeline
[2025-10-01 17:43:22] [INFO] Attempting WiFi connection (smart scan) ...
[2025-10-01 17:43:24] [INFO] Connect-WifiSmart returned: True
[2025-10-01 17:43:24] [INFO] WiFi connected successfully
[2025-10-01 17:43:26] [WARN] Cannot get valid WiFi info after retries, using placeholder
[2025-10-01 17:43:27] [INFO] Captive portal detection: UNKNOWN
[2025-10-01 17:43:27] [INFO] ISP:  -> 中国联通
[2025-10-01 17:43:30] [INFO] ✅ CDP executed successfully, authentication likely succeeded
[2025-10-01 17:43:30] [INFO] 📡 正在刷新网络状态以完成认证...
[2025-10-01 17:43:30] [INFO] ✅ 网络已通，跳过刷新步骤
[2025-10-01 17:43:30] [SUCCESS] ✅ 认证完成，已启动后台保活 (10秒间隔, 持续3分钟)
[2025-10-01 18:01:10] [INFO] ✅ WiFi module loaded
[2025-10-01 18:01:10] [INFO] ✅ NetDetect module loaded
[2025-10-01 18:01:10] [INFO] ✅ Security module loaded
[2025-10-01 18:01:10] [INFO] ✅ CDP module loaded
[2025-10-01 18:01:10] [INFO] ✅ Invoke-CDPAutofill function available
[2025-10-01 18:01:10] [INFO] 检测到校园网 'JCI'，信号强度=87%（阈值=40%）
[2025-10-01 18:01:10] [INFO] Start auth pipeline
[2025-10-01 18:01:10] [INFO] Attempting WiFi connection (smart scan) ...
[2025-10-01 18:01:11] [INFO] Connect-WifiSmart returned: True
[2025-10-01 18:01:11] [INFO] WiFi connected successfully
[2025-10-01 18:01:14] [WARN] Cannot get valid WiFi info after retries, using placeholder
[2025-10-01 18:01:14] [INFO] Captive portal detection: UNKNOWN
[2025-10-01 18:01:14] [INFO] ISP:  -> 中国联通
[2025-10-01 18:01:17] [INFO] ✅ CDP executed successfully, authentication likely succeeded
[2025-10-01 18:01:17] [INFO] 📡 正在刷新网络状态以完成认证...
[2025-10-01 18:01:17] [INFO] ✅ 网络已通，跳过刷新步骤
[2025-10-01 18:01:17] [SUCCESS] ✅ 认证完成，已启动后台保活 (10秒间隔, 持续3分钟)
[2025-10-01 18:13:37] [INFO] ✅ WiFi module loaded
[2025-10-01 18:13:37] [INFO] ✅ NetDetect module loaded
[2025-10-01 18:13:37] [INFO] ✅ Security module loaded
[2025-10-01 18:13:37] [INFO] ✅ CDP module loaded
[2025-10-01 18:13:37] [INFO] ✅ Invoke-CDPAutofill function available
[2025-10-01 18:13:38] [INFO] 检测到校园网 'JCI'，信号强度=86%（阈值=40%）
[2025-10-01 18:13:38] [INFO] Start auth pipeline
[2025-10-01 18:13:38] [INFO] Attempting WiFi connection (smart scan) ...
[2025-10-01 18:13:39] [INFO] Connect-WifiSmart returned: True
[2025-10-01 18:13:39] [INFO] WiFi connected successfully
[2025-10-01 18:13:41] [WARN] Cannot get valid WiFi info after retries, using placeholder
[2025-10-01 18:13:42] [INFO] Captive portal detection: UNKNOWN
[2025-10-01 18:13:42] [ERROR] No saved password, run Save-Secret first
[2025-10-01 18:24:17] [INFO] ✅ WiFi module loaded
[2025-10-01 18:24:17] [INFO] ✅ NetDetect module loaded
[2025-10-01 18:24:17] [INFO] ✅ Security module loaded
[2025-10-01 18:24:17] [INFO] ✅ CDP module loaded
[2025-10-01 18:24:17] [INFO] ✅ Invoke-CDPAutofill function available
[2025-10-01 18:24:17] [INFO] 检测到校园网 'JCI'，信号强度=82%（阈值=40%）
[2025-10-01 18:24:17] [INFO] Start auth pipeline
[2025-10-01 18:24:18] [INFO] Attempting WiFi connection (smart scan) ...
[2025-10-01 18:24:19] [INFO] Connect-WifiSmart returned: True
[2025-10-01 18:24:19] [INFO] WiFi connected successfully
[2025-10-01 18:24:21] [WARN] Cannot get valid WiFi info after retries, using placeholder
[2025-10-01 18:24:22] [INFO] Captive portal detection: UNKNOWN
[2025-10-01 18:24:22] [ERROR] No saved password, run Save-Secret first
[2025-10-01 18:29:49] [INFO] ✅ WiFi module loaded
[2025-10-01 18:29:49] [INFO] ✅ NetDetect module loaded
[2025-10-01 18:29:49] [INFO] ✅ Security module loaded
[2025-10-01 18:29:49] [INFO] ✅ CDP module loaded
[2025-10-01 18:29:49] [INFO] ✅ Invoke-CDPAutofill function available
[2025-10-01 18:29:49] [INFO] 检测到校园网 'JCI'，信号强度=91%（阈值=40%）
[2025-10-01 18:29:49] [INFO] Start auth pipeline
[2025-10-01 18:29:49] [INFO] Attempting WiFi connection (smart scan) ...
[2025-10-01 18:29:50] [INFO] Connect-WifiSmart returned: True
[2025-10-01 18:29:50] [INFO] WiFi connected successfully
[2025-10-01 18:29:53] [WARN] Cannot get valid WiFi info after retries, using placeholder
[2025-10-01 18:29:53] [INFO] Captive portal detection: UNKNOWN
[2025-10-01 18:29:53] [ERROR] No saved password, run Save-Secret first
[2025-10-01 18:32:00] [INFO] ✅ WiFi module loaded
[2025-10-01 18:32:01] [INFO] ✅ NetDetect module loaded
[2025-10-01 18:32:01] [INFO] ✅ Security module loaded
[2025-10-01 18:32:01] [INFO] ✅ CDP module loaded
[2025-10-01 18:32:01] [INFO] ✅ Invoke-CDPAutofill function available
[2025-10-01 18:32:01] [INFO] 检测到校园网 'JCI'，信号强度=85%（阈值=40%）
[2025-10-01 18:32:01] [INFO] Start auth pipeline
[2025-10-01 18:32:01] [INFO] Attempting WiFi connection (smart scan) ...
[2025-10-01 18:32:02] [INFO] Connect-WifiSmart returned: True
[2025-10-01 18:32:02] [INFO] WiFi connected successfully
[2025-10-01 18:32:05] [WARN] Cannot get valid WiFi info after retries, using placeholder
[2025-10-01 18:32:05] [INFO] Captive portal detection: UNKNOWN
[2025-10-01 18:32:05] [ERROR] No saved password, run Save-Secret first
[2025-10-01 18:32:39] [INFO] ✅ WiFi module loaded
[2025-10-01 18:32:39] [INFO] ✅ NetDetect module loaded
[2025-10-01 18:32:39] [INFO] ✅ Security module loaded
[2025-10-01 18:32:39] [INFO] ✅ CDP module loaded
[2025-10-01 18:32:39] [INFO] ✅ Invoke-CDPAutofill function available
[2025-10-01 18:32:39] [INFO] 检测到校园网 'JCI'，信号强度=87%（阈值=40%）
[2025-10-01 18:32:39] [INFO] Start auth pipeline
[2025-10-01 18:32:39] [INFO] Attempting WiFi connection (smart scan) ...
[2025-10-01 18:32:40] [INFO] Connect-WifiSmart returned: True
[2025-10-01 18:32:40] [INFO] WiFi connected successfully
[2025-10-01 18:32:43] [WARN] Cannot get valid WiFi info after retries, using placeholder
[2025-10-01 18:32:43] [INFO] Captive portal detection: UNKNOWN
[2025-10-01 18:32:43] [ERROR] No saved password, run Save-Secret first
[2025-10-01 18:34:31] [INFO] ✅ WiFi module loaded
[2025-10-01 18:34:31] [INFO] ✅ NetDetect module loaded
[2025-10-01 18:34:31] [INFO] ✅ Security module loaded
[2025-10-01 18:34:31] [INFO] ✅ CDP module loaded
[2025-10-01 18:34:31] [INFO] ✅ Invoke-CDPAutofill function available
[2025-10-01 18:34:31] [INFO] 检测到校园网 'JCI'，信号强度=91%（阈值=40%）
[2025-10-01 18:34:31] [INFO] Start auth pipeline
[2025-10-01 18:34:31] [INFO] Attempting WiFi connection (smart scan) ...
[2025-10-01 18:34:32] [INFO] Connect-WifiSmart returned: True
[2025-10-01 18:34:32] [INFO] WiFi connected successfully
[2025-10-01 18:34:35] [WARN] Cannot get valid WiFi info after retries, using placeholder
[2025-10-01 18:34:35] [INFO] Captive portal detection: UNKNOWN
[2025-10-01 18:34:35] [ERROR] No saved password, run Save-Secret first
[2025-10-01 18:34:43] [INFO] ✅ WiFi module loaded
[2025-10-01 18:34:43] [INFO] ✅ NetDetect module loaded
[2025-10-01 18:34:43] [INFO] ✅ Security module loaded
[2025-10-01 18:34:43] [INFO] ✅ CDP module loaded
[2025-10-01 18:34:43] [INFO] ✅ Invoke-CDPAutofill function available
[2025-10-01 18:34:43] [INFO] 检测到校园网 'JCI'，信号强度=90%（阈值=40%）
[2025-10-01 18:34:43] [INFO] Start auth pipeline
[2025-10-01 18:34:43] [INFO] Attempting WiFi connection (smart scan) ...
[2025-10-01 18:34:44] [INFO] Connect-WifiSmart returned: True
[2025-10-01 18:34:44] [INFO] WiFi connected successfully
[2025-10-01 18:34:47] [WARN] Cannot get valid WiFi info after retries, using placeholder
[2025-10-01 18:34:47] [INFO] Captive portal detection: UNKNOWN
[2025-10-01 18:34:47] [ERROR] No saved password, run Save-Secret first
[2025-10-01 19:16:11] [INFO] ✅ WiFi module loaded
[2025-10-01 19:16:11] [INFO] ✅ NetDetect module loaded
[2025-10-01 19:16:11] [INFO] ✅ Security module loaded
[2025-10-01 19:16:11] [INFO] ✅ CDP module loaded
[2025-10-01 19:16:11] [INFO] ✅ Invoke-CDPAutofill function available
[2025-10-01 19:16:12] [INFO] 检测到校园网 'JCI'，信号强度=90%（阈值=40%）
[2025-10-01 19:16:12] [INFO] Start auth pipeline
[2025-10-01 19:16:13] [INFO] Attempting WiFi connection (smart scan) ...
[2025-10-01 19:16:14] [INFO] Connect-WifiSmart returned: True
[2025-10-01 19:16:14] [INFO] WiFi connected successfully
[2025-10-01 19:16:17] [WARN] Cannot get valid WiFi info after retries, using placeholder
[2025-10-01 19:16:18] [INFO] Captive portal detection: UNKNOWN
[2025-10-01 19:16:18] [ERROR] No saved password, run Save-Secret first
[2025-10-01 19:16:56] [INFO] ✅ WiFi module loaded
[2025-10-01 19:16:56] [INFO] ✅ NetDetect module loaded
[2025-10-01 19:16:56] [INFO] ✅ Security module loaded
[2025-10-01 19:16:56] [INFO] ✅ CDP module loaded
[2025-10-01 19:16:56] [INFO] ✅ Invoke-CDPAutofill function available
[2025-10-01 19:16:56] [INFO] 检测到校园网 'JCI'，信号强度=85%（阈值=40%）
[2025-10-01 19:16:56] [INFO] Start auth pipeline
[2025-10-01 19:16:57] [INFO] Attempting WiFi connection (smart scan) ...
[2025-10-01 19:17:00] [INFO] Connect-WifiSmart returned: True
[2025-10-01 19:17:00] [INFO] WiFi connected successfully
[2025-10-01 19:17:03] [WARN] Cannot get valid WiFi info after retries, using placeholder
[2025-10-01 19:17:03] [INFO] Captive portal detection: UNKNOWN
[2025-10-01 19:17:03] [ERROR] No saved password, run Save-Secret first
[2025-10-01 19:19:02] [INFO] ✅ WiFi module loaded
[2025-10-01 19:19:02] [INFO] ✅ NetDetect module loaded
[2025-10-01 19:19:02] [INFO] ✅ Security module loaded
[2025-10-01 19:19:02] [INFO] ✅ CDP module loaded
[2025-10-01 19:19:02] [INFO] ✅ Invoke-CDPAutofill function available
[2025-10-01 19:19:02] [INFO] 检测到校园网 'JCI'，信号强度=83%（阈值=40%）
[2025-10-01 19:19:02] [INFO] Start auth pipeline
[2025-10-01 19:19:03] [INFO] Attempting WiFi connection (smart scan) ...
[2025-10-01 19:19:04] [INFO] Connect-WifiSmart returned: True
[2025-10-01 19:19:04] [INFO] WiFi connected successfully
[2025-10-01 19:19:07] [WARN] Cannot get valid WiFi info after retries, using placeholder
[2025-10-01 19:19:07] [INFO] Captive portal detection: UNKNOWN
[2025-10-01 19:19:07] [ERROR] No saved password, run Save-Secret first
[2025-10-01 19:20:28] [INFO] ✅ WiFi module loaded
[2025-10-01 19:20:28] [INFO] ✅ NetDetect module loaded
[2025-10-01 19:20:28] [INFO] ✅ Security module loaded
[2025-10-01 19:20:28] [INFO] ✅ CDP module loaded
[2025-10-01 19:20:28] [INFO] ✅ Invoke-CDPAutofill function available
[2025-10-01 19:20:28] [INFO] 检测到校园网 'JCI'，信号强度=91%（阈值=40%）
[2025-10-01 19:20:28] [INFO] Start auth pipeline
[2025-10-01 19:20:28] [INFO] Attempting WiFi connection (smart scan) ...
[2025-10-01 19:20:29] [INFO] Connect-WifiSmart returned: True
[2025-10-01 19:20:29] [INFO] WiFi connected successfully
[2025-10-01 19:20:32] [WARN] Cannot get valid WiFi info after retries, using placeholder
[2025-10-01 19:20:32] [INFO] Captive portal detection: UNKNOWN
[2025-10-01 19:20:32] [ERROR] No saved password, run Save-Secret first
[2025-10-01 19:20:36] [INFO] ✅ WiFi module loaded
[2025-10-01 19:20:36] [INFO] ✅ NetDetect module loaded
[2025-10-01 19:20:36] [INFO] ✅ Security module loaded
[2025-10-01 19:20:36] [INFO] ✅ CDP module loaded
[2025-10-01 19:20:36] [INFO] ✅ Invoke-CDPAutofill function available
[2025-10-01 19:20:37] [INFO] 检测到校园网 'JCI'，信号强度=90%（阈值=40%）
[2025-10-01 19:20:37] [INFO] Start auth pipeline
[2025-10-01 19:20:37] [INFO] Attempting WiFi connection (smart scan) ...
[2025-10-01 19:20:38] [INFO] Connect-WifiSmart returned: True
[2025-10-01 19:20:38] [INFO] WiFi connected successfully
[2025-10-01 19:20:40] [WARN] Cannot get valid WiFi info after retries, using placeholder
[2025-10-01 19:20:41] [INFO] Captive portal detection: UNKNOWN
[2025-10-01 19:20:41] [ERROR] No saved password, run Save-Secret first
[2025-10-01 20:24:07] [INFO] ✅ WiFi module loaded
[2025-10-01 20:24:07] [INFO] ✅ NetDetect module loaded
[2025-10-01 20:24:07] [INFO] ✅ Security module loaded
[2025-10-01 20:24:07] [INFO] ✅ CDP module loaded
[2025-10-01 20:24:07] [INFO] ✅ Invoke-CDPAutofill function available
[2025-10-01 20:24:08] [INFO] 检测到校园网 'JCI'，信号强度=84%（阈值=40%）
[2025-10-01 20:24:08] [INFO] Start auth pipeline
[2025-10-01 20:24:08] [INFO] Attempting WiFi connection (smart scan) ...
[2025-10-01 20:24:09] [INFO] Connect-WifiSmart returned: True
[2025-10-01 20:24:09] [INFO] WiFi connected successfully
[2025-10-01 20:24:12] [WARN] Cannot get valid WiFi info after retries, using placeholder
[2025-10-01 20:24:12] [INFO] Captive portal detection: UNKNOWN
[2025-10-01 20:24:12] [ERROR] No saved password, run Save-Secret first
[2025-10-02 20:40:20] [INFO] ✅ WiFi module loaded
[2025-10-02 20:40:20] [INFO] ✅ NetDetect module loaded
[2025-10-02 20:40:20] [INFO] ✅ Security module loaded
[2025-10-02 20:40:20] [INFO] ✅ CDP module loaded
[2025-10-02 20:40:20] [INFO] ✅ Invoke-CDPAutofill function available
[2025-10-02 20:40:20] [INFO] 检测到校园网 'JCI'，信号强度=85%（阈值=65%）
[2025-10-02 20:40:20] [INFO] Start auth pipeline
[2025-10-02 20:40:20] [INFO] Attempting WiFi connection (smart scan) ...
[2025-10-02 20:40:22] [INFO] Connect-WifiSmart returned: True
[2025-10-02 20:40:22] [INFO] WiFi connected successfully
[2025-10-02 20:40:25] [WARN] Cannot get valid WiFi info after retries, using placeholder
[2025-10-02 20:40:25] [INFO] Captive portal detection: UNKNOWN
[2025-10-02 20:40:25] [ERROR] No saved password, run Save-Secret first
